[debug] [2024-06-09T04:07:28.999Z] ----------------------------------------------------------------------
[debug] [2024-06-09T04:07:29.002Z] Command:       C:\Program Files\nodejs\node.exe C:\Users\Mohith Gowda K\AppData\Roaming\npm\node_modules\firebase-tools\lib\bin\firebase.js init
[debug] [2024-06-09T04:07:29.002Z] CLI Version:   13.11.2
[debug] [2024-06-09T04:07:29.002Z] Platform:      win32
[debug] [2024-06-09T04:07:29.002Z] Node Version:  v20.11.0
[debug] [2024-06-09T04:07:29.002Z] Time:          Sun Jun 09 2024 09:37:29 GMT+0530 (India Standard Time)
[debug] [2024-06-09T04:07:29.003Z] ----------------------------------------------------------------------
[debug] 
[debug] [2024-06-09T04:07:29.074Z] > command requires scopes: ["email","openid","https://www.googleapis.com/auth/cloudplatformprojects.readonly","https://www.googleapis.com/auth/firebase","https://www.googleapis.com/auth/cloud-platform"]
[debug] [2024-06-09T04:07:29.075Z] > authorizing via signed-in user (mohithgowdak.kote@gmail.com)
[info] 
     ######## #### ########  ######## ########     ###     ######  ########
     ##        ##  ##     ## ##       ##     ##  ##   ##  ##       ##
     ######    ##  ########  ######   ########  #########  ######  ######
     ##        ##  ##    ##  ##       ##     ## ##     ##       ## ##
     ##       #### ##     ## ######## ########  ##     ##  ######  ########

You're about to initialize a Firebase project in this directory:

  D:\New folder\Mini Project\SIGNLEARN-FRONTEND+BACKEND

Before we get started, keep in mind:

  * You are initializing within an existing Firebase project directory

[info] 
=== Project Setup
[info] 
[info] First, let's associate this project directory with a Firebase project.
[info] You can create multiple project aliases by running firebase use --add, 
[info] but for now we'll just set up a default project.
[info] 
[debug] [2024-06-09T04:08:07.545Z] Using project from CLI flag: sign-language-learning-d0af4
[debug] [2024-06-09T04:08:07.547Z] >>> [apiv2][query] GET https://firebase.googleapis.com/v1beta1/projects/sign-language-learning-d0af4 [none]
[debug] [2024-06-09T04:08:08.149Z] <<< [apiv2][status] GET https://firebase.googleapis.com/v1beta1/projects/sign-language-learning-d0af4 200
[debug] [2024-06-09T04:08:08.149Z] <<< [apiv2][body] GET https://firebase.googleapis.com/v1beta1/projects/sign-language-learning-d0af4 {"projectId":"sign-language-learning-d0af4","projectNumber":"876531022026","displayName":"sign language learning","name":"projects/sign-language-learning-d0af4","resources":{"hostingSite":"sign-language-learning-d0af4","realtimeDatabaseInstance":"sign-language-learning-d0af4-default-rtdb","storageBucket":"sign-language-learning-d0af4.appspot.com","locationId":"us-central"},"state":"ACTIVE","etag":"1_bc68715f-da12-49fd-9853-4144eccf6c80"}
[info] i  Using project sign-language-learning-d0af4 (sign language learning) 
[info] 
=== Database Setup
[info] i  database: ensuring required API firebasedatabase.googleapis.com is enabled... 
[debug] [2024-06-09T04:08:08.157Z] >>> [apiv2][query] GET https://serviceusage.googleapis.com/v1/projects/sign-language-learning-d0af4/services/firebasedatabase.googleapis.com [none]
[debug] [2024-06-09T04:08:08.158Z] >>> [apiv2][(partial)header] GET https://serviceusage.googleapis.com/v1/projects/sign-language-learning-d0af4/services/firebasedatabase.googleapis.com x-goog-quota-user=projects/sign-language-learning-d0af4
[debug] [2024-06-09T04:08:10.121Z] <<< [apiv2][status] GET https://serviceusage.googleapis.com/v1/projects/sign-language-learning-d0af4/services/firebasedatabase.googleapis.com 200
[debug] [2024-06-09T04:08:10.121Z] <<< [apiv2][body] GET https://serviceusage.googleapis.com/v1/projects/sign-language-learning-d0af4/services/firebasedatabase.googleapis.com [omitted]
[info] +  database: required API firebasedatabase.googleapis.com is enabled 
[info] 
[debug] [2024-06-09T04:08:10.123Z] >>> [apiv2][query] GET https://firebasedatabase.googleapis.com/v1beta/projects/sign-language-learning-d0af4/locations/-/instances/sign-language-learning-d0af4-default-rtdb [none]
[debug] [2024-06-09T04:08:12.266Z] <<< [apiv2][status] GET https://firebasedatabase.googleapis.com/v1beta/projects/sign-language-learning-d0af4/locations/-/instances/sign-language-learning-d0af4-default-rtdb 200
[debug] [2024-06-09T04:08:12.266Z] <<< [apiv2][body] GET https://firebasedatabase.googleapis.com/v1beta/projects/sign-language-learning-d0af4/locations/-/instances/sign-language-learning-d0af4-default-rtdb {"name":"projects/876531022026/locations/us-central1/instances/sign-language-learning-d0af4-default-rtdb","project":"projects/876531022026","databaseUrl":"https://sign-language-learning-d0af4-default-rtdb.firebaseio.com","type":"DEFAULT_DATABASE","state":"DISABLED"}
[info] 
[info] Firebase Realtime Database Security Rules allow you to define how your data should be
[info] structured and when your data can be read from and written to.
[info] 
[debug] [2024-06-09T04:08:54.903Z] >>> [apiv2][query] GET https://sign-language-learning-d0af4-default-rtdb.firebaseio.com/.settings/rules.json [none]
[debug] [2024-06-09T04:08:55.565Z] <<< [apiv2][status] GET https://sign-language-learning-d0af4-default-rtdb.firebaseio.com/.settings/rules.json 200
[debug] [2024-06-09T04:08:55.565Z] <<< [apiv2][body] GET https://sign-language-learning-d0af4-default-rtdb.firebaseio.com/.settings/rules.json [stream]
[info] +  Database Rules for sign-language-learning-d0af4-default-rtdb have been written to database.rules.json. 
[info] Future modifications to database.rules.json will update Realtime Database Security Rules when you run
[info] firebase deploy.
[info] 
=== Firestore Setup
[debug] [2024-06-09T04:08:55.574Z] >>> [apiv2][query] GET https://serviceusage.googleapis.com/v1/projects/sign-language-learning-d0af4/services/firestore.googleapis.com [none]
[debug] [2024-06-09T04:08:55.574Z] >>> [apiv2][(partial)header] GET https://serviceusage.googleapis.com/v1/projects/sign-language-learning-d0af4/services/firestore.googleapis.com x-goog-quota-user=projects/sign-language-learning-d0af4
[debug] [2024-06-09T04:08:57.163Z] <<< [apiv2][status] GET https://serviceusage.googleapis.com/v1/projects/sign-language-learning-d0af4/services/firestore.googleapis.com 200
[debug] [2024-06-09T04:08:57.163Z] <<< [apiv2][body] GET https://serviceusage.googleapis.com/v1/projects/sign-language-learning-d0af4/services/firestore.googleapis.com [omitted]
[debug] [2024-06-09T04:08:57.164Z] >>> [apiv2][query] GET https://firestore.googleapis.com/v1/projects/sign-language-learning-d0af4/databases/(default) [none]
[debug] [2024-06-09T04:08:57.547Z] <<< [apiv2][status] GET https://firestore.googleapis.com/v1/projects/sign-language-learning-d0af4/databases/(default) 200
[debug] [2024-06-09T04:08:57.547Z] <<< [apiv2][body] GET https://firestore.googleapis.com/v1/projects/sign-language-learning-d0af4/databases/(default) {"name":"projects/sign-language-learning-d0af4/databases/(default)","uid":"d82b4061-5c56-4680-b269-175834c45ad1","createTime":"2024-06-01T15:52:10.132502Z","updateTime":"2024-06-01T15:52:10.132502Z","locationId":"asia-south1","type":"FIRESTORE_NATIVE","concurrencyMode":"PESSIMISTIC","versionRetentionPeriod":"3600s","earliestVersionTime":"2024-06-09T03:08:59.366895Z","appEngineIntegrationMode":"DISABLED","keyPrefix":"j","pointInTimeRecoveryEnablement":"POINT_IN_TIME_RECOVERY_DISABLED","deleteProtectionState":"DELETE_PROTECTION_DISABLED","etag":"IJaIx4nTzYYDMOn15MnhuoYD"}
[debug] [2024-06-09T04:08:57.547Z] database_type: FIRESTORE_NATIVE
[debug] [2024-06-09T04:08:57.547Z] > command requires scopes: ["email","openid","https://www.googleapis.com/auth/cloudplatformprojects.readonly","https://www.googleapis.com/auth/firebase","https://www.googleapis.com/auth/cloud-platform"]
[debug] [2024-06-09T04:08:57.548Z] > authorizing via signed-in user (mohithgowdak.kote@gmail.com)
[debug] [2024-06-09T04:08:57.548Z] [iam] checking project sign-language-learning-d0af4 for permissions ["firebase.projects.get"]
[debug] [2024-06-09T04:08:57.548Z] >>> [apiv2][query] POST https://cloudresourcemanager.googleapis.com/v1/projects/sign-language-learning-d0af4:testIamPermissions [none]
[debug] [2024-06-09T04:08:57.548Z] >>> [apiv2][(partial)header] POST https://cloudresourcemanager.googleapis.com/v1/projects/sign-language-learning-d0af4:testIamPermissions x-goog-quota-user=projects/sign-language-learning-d0af4
[debug] [2024-06-09T04:08:57.548Z] >>> [apiv2][body] POST https://cloudresourcemanager.googleapis.com/v1/projects/sign-language-learning-d0af4:testIamPermissions {"permissions":["firebase.projects.get"]}
[debug] [2024-06-09T04:08:58.821Z] <<< [apiv2][status] POST https://cloudresourcemanager.googleapis.com/v1/projects/sign-language-learning-d0af4:testIamPermissions 200
[debug] [2024-06-09T04:08:58.822Z] <<< [apiv2][body] POST https://cloudresourcemanager.googleapis.com/v1/projects/sign-language-learning-d0af4:testIamPermissions {"permissions":["firebase.projects.get"]}
[info] 
[info] Firestore Security Rules allow you to define how and when to allow
[info] requests. You can keep these rules in your project directory
[info] and publish them with firebase deploy.
[info] 
[debug] [2024-06-09T04:09:07.025Z] >>> [apiv2][query] GET https://firebaserules.googleapis.com/v1/projects/sign-language-learning-d0af4/releases pageSize=10&pageToken=
[debug] [2024-06-09T04:09:08.640Z] <<< [apiv2][status] GET https://firebaserules.googleapis.com/v1/projects/sign-language-learning-d0af4/releases 200
[debug] [2024-06-09T04:09:08.640Z] <<< [apiv2][body] GET https://firebaserules.googleapis.com/v1/projects/sign-language-learning-d0af4/releases {"releases":[{"name":"projects/sign-language-learning-d0af4/releases/cloud.firestore","rulesetName":"projects/sign-language-learning-d0af4/rulesets/0ec29e38-0245-4a42-ab2c-50a78d54b8d9","createTime":"2024-06-01T15:52:19.784076Z","updateTime":"2024-06-01T16:12:01.138234Z"},{"name":"projects/sign-language-learning-d0af4/releases/firebase.storage/sign-language-learning-d0af4.appspot.com","rulesetName":"projects/sign-language-learning-d0af4/rulesets/b6b0fb54-414c-4619-b2c4-7a9706dcb519","createTime":"2024-05-16T10:10:19.019069Z","updateTime":"2024-06-01T02:42:24.034016Z"}]}
[debug] [2024-06-09T04:09:08.651Z] Found ruleset: projects/sign-language-learning-d0af4/rulesets/0ec29e38-0245-4a42-ab2c-50a78d54b8d9
[debug] [2024-06-09T04:09:08.651Z] >>> [apiv2][query] GET https://firebaserules.googleapis.com/v1/projects/sign-language-learning-d0af4/rulesets/0ec29e38-0245-4a42-ab2c-50a78d54b8d9 [none]
[debug] [2024-06-09T04:09:10.036Z] <<< [apiv2][status] GET https://firebaserules.googleapis.com/v1/projects/sign-language-learning-d0af4/rulesets/0ec29e38-0245-4a42-ab2c-50a78d54b8d9 200
[debug] [2024-06-09T04:09:10.037Z] <<< [apiv2][body] GET https://firebaserules.googleapis.com/v1/projects/sign-language-learning-d0af4/rulesets/0ec29e38-0245-4a42-ab2c-50a78d54b8d9 [omitted]
[info] 
[info] Firestore indexes allow you to perform complex queries while
[info] maintaining performance that scales with the size of the result
[info] set. You can keep index definitions in your project directory
[info] and publish them with firebase deploy.
[info] 
[debug] [2024-06-09T04:09:33.209Z] >>> [apiv2][query] GET https://firestore.googleapis.com/v1/projects/sign-language-learning-d0af4/databases/(default)/collectionGroups/-/indexes [none]
[debug] [2024-06-09T04:09:33.211Z] >>> [apiv2][query] GET https://firestore.googleapis.com/v1/projects/sign-language-learning-d0af4/databases/(default)/collectionGroups/-/fields?filter=indexConfig.usesAncestorConfig=false OR ttlConfig:* [none]
[debug] [2024-06-09T04:09:33.376Z] <<< [apiv2][status] GET https://firestore.googleapis.com/v1/projects/sign-language-learning-d0af4/databases/(default)/collectionGroups/-/indexes 200
[debug] [2024-06-09T04:09:33.377Z] <<< [apiv2][body] GET https://firestore.googleapis.com/v1/projects/sign-language-learning-d0af4/databases/(default)/collectionGroups/-/indexes {}
[debug] [2024-06-09T04:09:33.524Z] <<< [apiv2][status] GET https://firestore.googleapis.com/v1/projects/sign-language-learning-d0af4/databases/(default)/collectionGroups/-/fields?filter=indexConfig.usesAncestorConfig=false OR ttlConfig:* 200
[debug] [2024-06-09T04:09:33.524Z] <<< [apiv2][body] GET https://firestore.googleapis.com/v1/projects/sign-language-learning-d0af4/databases/(default)/collectionGroups/-/fields?filter=indexConfig.usesAncestorConfig=false OR ttlConfig:* {"fields":[{"name":"projects/sign-language-learning-d0af4/databases/(default)/collectionGroups/__default__/fields/*","indexConfig":{"indexes":[{"queryScope":"COLLECTION","fields":[{"fieldPath":"*","order":"ASCENDING"}],"state":"READY"},{"queryScope":"COLLECTION","fields":[{"fieldPath":"*","order":"DESCENDING"}],"state":"READY"},{"queryScope":"COLLECTION","fields":[{"fieldPath":"*","arrayConfig":"CONTAINS"}],"state":"READY"}]}}]}
[info] 
=== Hosting:github Setup
[info] 
[info] i  Detected a .git folder at D:\New folder\Mini Project\SIGNLEARN-FRONTEND+BACKEND 
[info] i  Authorizing with GitHub to upload your service account to a GitHub repository's secrets store. 
[info] 
[info] Visit this URL on this device to log in:
[info] https://github.com/login/oauth/authorize?client_id=89cf50f02ac6aaed3484&state=73334276&redirect_uri=http%3A%2F%2Flocalhost%3A9005&scope=read%3Auser%20repo%20public_repo
[info] 
[info] Waiting for authentication...
